<?xml version="1.0" encoding="UTF-8"?>
<!-- Generated by org.testng.reporters.JUnitXMLReporter -->
<testsuite hostname="LAPTOP-P7FMFKS0" ignored="0" name="Test1" tests="7" failures="2" timestamp="05 Jan 2023 14:11:20 GMT" time="12.363" errors="0">
  <testcase name="createNewUserTest" time="4.825" classname="example.example.testcases.GoRestTestCase"/>
  <testcase name="createNewUserWithData" time="0.736" classname="example.example.testcases.GoRestTestCase">
    <failure type="java.lang.AssertionError">
      <![CDATA[java.lang.AssertionError
at example.example.testcases.GoRestTestCase.createNewUserWithData(GoRestTestCase.java:136)
... Removed 25 stack frames]]>
    </failure>
  </testcase> <!-- createNewUserWithData -->
  <testcase name="createNewUserWithData" time="1.236" classname="example.example.testcases.GoRestTestCase">
    <failure type="java.lang.AssertionError">
      <![CDATA[java.lang.AssertionError
at example.example.testcases.GoRestTestCase.createNewUserWithData(GoRestTestCase.java:136)
... Removed 25 stack frames]]>
    </failure>
  </testcase> <!-- createNewUserWithData -->
  <testcase name="getUsersTest" time="1.264" classname="example.example.testcases.GoRestTestCase"/>
  <testcase name="getSpecificUserTest" time="0.574" classname="example.example.testcases.GoRestTestCase"/>
  <testcase name="updateNewlyCreatedUser" time="1.556" classname="example.example.testcases.GoRestTestCase"/>
  <testcase name="deleteNewUser" time="0.855" classname="example.example.testcases.GoRestTestCase"/>
</testsuite> <!-- Test1 -->
